<?xml version="1.0" encoding="UTF-8"?>
<testng-results ignored="0" total="1" passed="1" failed="0" skipped="0">
  <reporter-output>
  </reporter-output>
  <suite started-at="2024-10-10T17:23:39 IST" name="Default suite" finished-at="2024-10-10T17:24:11 IST" duration-ms="31360">
    <groups>
      <group name="smokeTest">
        <method signature="CreateCampaignWithProductTest.createCampaignWithProductTest()[pri:0, instance:testngBaseClass.CreateCampaignWithProductTest@2af004b]" name="createCampaignWithProductTest" class="testngBaseClass.CreateCampaignWithProductTest"/>
      </group> <!-- smokeTest -->
    </groups>
    <test started-at="2024-10-10T17:23:39 IST" name="Default test" finished-at="2024-10-10T17:24:11 IST" duration-ms="31360">
      <class name="testngBaseClass.CreateCampaignWithProductTest">
        <test-method is-config="true" signature="BS()[pri:0, instance:testngBaseClass.CreateCampaignWithProductTest@2af004b]" started-at="2024-10-10T17:23:39 IST" name="BS" finished-at="2024-10-10T17:23:39 IST" duration-ms="5" status="PASS">
          <reporter-output>
          </reporter-output>
        </test-method> <!-- BS -->
        <test-method is-config="true" signature="BT()[pri:0, instance:testngBaseClass.CreateCampaignWithProductTest@2af004b]" started-at="2024-10-10T17:23:39 IST" name="BT" finished-at="2024-10-10T17:23:39 IST" duration-ms="1" status="PASS">
          <reporter-output>
          </reporter-output>
        </test-method> <!-- BT -->
        <test-method is-config="true" signature="BC()[pri:0, instance:testngBaseClass.CreateCampaignWithProductTest@2af004b]" started-at="2024-10-10T17:23:39 IST" name="BC" finished-at="2024-10-10T17:23:41 IST" duration-ms="1370" status="PASS">
          <reporter-output>
          </reporter-output>
        </test-method> <!-- BC -->
        <test-method is-config="true" signature="BM()[pri:0, instance:testngBaseClass.CreateCampaignWithProductTest@2af004b]" started-at="2024-10-10T17:23:41 IST" name="BM" finished-at="2024-10-10T17:23:45 IST" duration-ms="4559" status="PASS">
          <reporter-output>
          </reporter-output>
        </test-method> <!-- BM -->
        <test-method signature="createCampaignWithProductTest()[pri:0, instance:testngBaseClass.CreateCampaignWithProductTest@2af004b]" started-at="2024-10-10T17:23:45 IST" name="createCampaignWithProductTest" finished-at="2024-10-10T17:24:08 IST" duration-ms="23047" status="PASS">
          <reporter-output>
          </reporter-output>
        </test-method> <!-- createCampaignWithProductTest -->
        <test-method is-config="true" signature="AM()[pri:0, instance:testngBaseClass.CreateCampaignWithProductTest@2af004b]" started-at="2024-10-10T17:24:08 IST" name="AM" finished-at="2024-10-10T17:24:11 IST" duration-ms="2137" status="PASS">
          <reporter-output>
          </reporter-output>
        </test-method> <!-- AM -->
        <test-method is-config="true" signature="AC()[pri:0, instance:testngBaseClass.CreateCampaignWithProductTest@2af004b]" started-at="2024-10-10T17:24:11 IST" name="AC" finished-at="2024-10-10T17:24:11 IST" duration-ms="215" status="PASS">
          <reporter-output>
          </reporter-output>
        </test-method> <!-- AC -->
        <test-method is-config="true" signature="AT()[pri:0, instance:testngBaseClass.CreateCampaignWithProductTest@2af004b]" started-at="2024-10-10T17:24:11 IST" name="AT" finished-at="2024-10-10T17:24:11 IST" duration-ms="0" status="PASS">
          <reporter-output>
          </reporter-output>
        </test-method> <!-- AT -->
        <test-method is-config="true" signature="AS()[pri:0, instance:testngBaseClass.CreateCampaignWithProductTest@2af004b]" started-at="2024-10-10T17:24:11 IST" name="AS" finished-at="2024-10-10T17:24:11 IST" duration-ms="2" status="PASS">
          <reporter-output>
          </reporter-output>
        </test-method> <!-- AS -->
      </class> <!-- testngBaseClass.CreateCampaignWithProductTest -->
    </test> <!-- Default test -->
  </suite> <!-- Default suite -->
</testng-results>
